Case #1: 2 8
Case #2: 1 0
Case #3: 0 1
Case #4: 0 3
Case #5: 0 2
Case #6: 1 0
Case #7: 1 3
Case #8: 0 2
Case #9: 3 7
Case #10: 0 6
Case #11: 1 3
Case #12: 0 6
Case #13: 3 4
Case #14: 0 5
Case #15: 0 1
Case #16: 2 4
Case #17: 0 1
Case #18: 0 2
Case #19: 2 3
Case #20: 3 7
Case #21: 0 10
Case #22: 0 42
Case #23: 0 3
Case #24: 0 21
Case #25: 5 29
Case #26: 0 20
Case #27: 2 32
Case #28: 1 26
Case #29: 0 4
Case #30: 1 31
Case #31: 1 75
Case #32: 0 10
Case #33: 2 59
Case #34: 0 1
Case #35: 0 4
Case #36: 0 18
Case #37: 1 88
Case #38: 0 15
Case #39: 0 60
Case #40: 6 92
Case #41: 0 11
Case #42: 0 14
Case #43: 4 13
Case #44: 0 14
Case #45: 2 4
Case #46: 0 14
Case #47: 0 8
Case #48: 2 3
Case #49: 0 1
Case #50: 4 16
